INFO: 2023-04-28 10:46:45,681: main() 'Using profile folder /home/gemer/.config/variety/'
INFO: 2023-04-28 10:46:45,684: perform_upgrade() 'Last run version was 0.8.9 or earlier, current version is 0.8.9'
INFO: 2023-04-28 10:46:45,760: process_command() 'Received command: []'
INFO: 2023-04-28 10:46:45,762: start() 'Using data_path /usr/share/variety'
INFO: 2023-04-28 10:46:45,762: load() 'Jumble loading'
INFO: 2023-04-28 10:46:45,762: _walk_modules() 'Jumble loading module in __init__ from /usr/lib/python3.10/site-packages/variety/plugins/builtin/__init__.py'
INFO: 2023-04-28 10:46:45,763: _walk_modules() 'Jumble loading module in GoodreadsSource from /usr/lib/python3.10/site-packages/variety/plugins/builtin/quotes/GoodreadsSource.py'
INFO: 2023-04-28 10:46:45,902: load() 'Jumble found plugin class: <class 'GoodreadsSource.GoodreadsSource'>: {'name': 'Goodreads', 'description': 'Fetches quotes from Goodreads.com', 'author': 'Peter Levi', 'version': '0.1'}'
INFO: 2023-04-28 10:46:45,902: _walk_modules() 'Jumble loading module in UrbanDictionarySource from /usr/lib/python3.10/site-packages/variety/plugins/builtin/quotes/UrbanDictionarySource.py'
INFO: 2023-04-28 10:46:45,903: load() 'Jumble found plugin class: <class 'UrbanDictionarySource.UrbanDictionarySource'>: {'name': 'Urban Dictionary', 'description': 'Displays definitions from Urban Dictionary', 'author': 'James Miller', 'version': '0.1'}'
INFO: 2023-04-28 10:46:45,903: _walk_modules() 'Jumble loading module in FortuneSource from /usr/lib/python3.10/site-packages/variety/plugins/builtin/quotes/FortuneSource.py'
INFO: 2023-04-28 10:46:45,904: load() 'Jumble found plugin class: <class 'FortuneSource.FortuneSource'>: {'name': 'UNIX fortune program', 'description': 'Displays quotes using the UNIX fortune program. You may want to install additional fortune packs, e.g. fortunes-bofh-excuses.', 'author': 'Dan Jones', 'version': '0.1'}'
INFO: 2023-04-28 10:46:45,905: _walk_modules() 'Jumble loading module in LocalFilesSource from /usr/lib/python3.10/site-packages/variety/plugins/builtin/quotes/LocalFilesSource.py'
INFO: 2023-04-28 10:46:45,905: load() 'Jumble found plugin class: <class 'LocalFilesSource.LocalFilesSource'>: {'name': 'Local text files', 'description': 'Displays quotes, defined in local text files.\nPut your own txt files in: ~/.config/variety/pluginconfig/quotes/.\nThe file format is:\n\nquote -- author\n.\nsecond quote -- another author\n.\netc...\n\nExample: http://rvelthuis.de/zips/quotes.txt', 'author': 'Peter Levi', 'version': '0.1'}'
INFO: 2023-04-28 10:46:45,906: _walk_modules() 'Jumble loading module in QuotationsPageSource from /usr/lib/python3.10/site-packages/variety/plugins/builtin/quotes/QuotationsPageSource.py'
INFO: 2023-04-28 10:46:45,907: load() 'Jumble found plugin class: <class 'QuotationsPageSource.QuotationsPageSource'>: {'name': 'TheQuotationsPage.com', 'description': 'Fetches quotes from TheQuotationsPage.com', 'author': 'Peter Levi', 'version': '0.1'}'
INFO: 2023-04-28 10:46:45,907: _walk_modules() 'Jumble loading module in __init__ from /usr/lib/python3.10/site-packages/variety/plugins/builtin/quotes/__init__.py'
INFO: 2023-04-28 10:46:45,908: _walk_modules() 'Jumble loading module in LegacyDisplayModesPlugin from /usr/lib/python3.10/site-packages/variety/plugins/builtin/display_modes/LegacyDisplayModesPlugin.py'
INFO: 2023-04-28 10:46:45,909: load() 'Jumble found plugin class: <class 'LegacyDisplayModesPlugin.LegacyDisplayModesPlugin'>: {'name': 'LegacyDisplayModesPlugin', 'description': 'Legacy display mode for compatibility with past Variety versions', 'version': '1.0', 'author': 'Peter Levi'}'
INFO: 2023-04-28 10:46:45,909: _walk_modules() 'Jumble loading module in ResizingDisplayModesPlugin from /usr/lib/python3.10/site-packages/variety/plugins/builtin/display_modes/ResizingDisplayModesPlugin.py'
INFO: 2023-04-28 10:46:45,910: load() 'Jumble found plugin class: <class 'ResizingDisplayModesPlugin.ResizingDisplayModesPlugin'>: {'name': 'ResizingDisplayModesPlugin', 'description': 'Display modes that use image resizing within Variety', 'version': '1.0', 'author': 'Peter Levi'}'
INFO: 2023-04-28 10:46:45,910: _walk_modules() 'Jumble loading module in __init__ from /usr/lib/python3.10/site-packages/variety/plugins/builtin/display_modes/__init__.py'
INFO: 2023-04-28 10:46:45,911: _walk_modules() 'Jumble loading module in GnomeDisplayModesPlugin from /usr/lib/python3.10/site-packages/variety/plugins/builtin/display_modes/GnomeDisplayModesPlugin.py'
INFO: 2023-04-28 10:46:45,911: load() 'Jumble found plugin class: <class 'GnomeDisplayModesPlugin.GnomeDisplayModesPlugin'>: {'name': 'GnomeDisplayModesPlugin', 'description': 'Display modes relying on the underlying desktop environment', 'version': '1.0', 'author': 'Peter Levi'}'
INFO: 2023-04-28 10:46:45,912: _walk_modules() 'Jumble loading module in EarthviewDownloader from /usr/lib/python3.10/site-packages/variety/plugins/builtin/downloaders/EarthviewDownloader.py'
INFO: 2023-04-28 10:46:45,913: load() 'Jumble found plugin class: <class 'EarthviewDownloader.EarthviewDownloader'>: {'name': 'EarthviewDownloader', 'description': 'Google Earth View Wallpapers', 'author': 'Peter Levi', 'version': '0.1'}'
INFO: 2023-04-28 10:46:45,914: _walk_modules() 'Jumble loading module in UnsplashDownloader from /usr/lib/python3.10/site-packages/variety/plugins/builtin/downloaders/UnsplashDownloader.py'
INFO: 2023-04-28 10:46:45,914: load() 'Jumble found plugin class: <class 'UnsplashDownloader.UnsplashDownloader'>: {'name': 'UnsplashDownloader', 'description': 'Fotografías de alta resolución de Unsplash.com', 'author': 'Peter Levi', 'version': '0.1'}'
INFO: 2023-04-28 10:46:45,915: _walk_modules() 'Jumble loading module in ArtStationDownloader from /usr/lib/python3.10/site-packages/variety/plugins/builtin/downloaders/ArtStationDownloader.py'
INFO: 2023-04-28 10:46:45,916: _walk_modules() 'Jumble loading module in NationalGeographicDownloader from /usr/lib/python3.10/site-packages/variety/plugins/builtin/downloaders/NationalGeographicDownloader.py'
INFO: 2023-04-28 10:46:45,916: load() 'Jumble found plugin class: <class 'NationalGeographicDownloader.NationalGeographicDownloader'>: {'name': 'NationalGeographicDownloader', 'description': "National Geographic's photo of the day", 'author': 'Eric Rösch', 'version': '0.1'}'
INFO: 2023-04-28 10:46:45,917: _walk_modules() 'Jumble loading module in ArtStationSource from /usr/lib/python3.10/site-packages/variety/plugins/builtin/downloaders/ArtStationSource.py'
INFO: 2023-04-28 10:46:45,919: load() 'Jumble found plugin class: <class 'ArtStationSource.ArtStationSource'>: {'name': 'ArtStationSource', 'description': 'Configurable source for fetching images from ArtStation', 'author': 'Denis Gordeev', 'version': '0.1'}'
INFO: 2023-04-28 10:46:45,919: _walk_modules() 'Jumble loading module in WallhavenSource from /usr/lib/python3.10/site-packages/variety/plugins/builtin/downloaders/WallhavenSource.py'
INFO: 2023-04-28 10:46:45,921: load() 'Jumble found plugin class: <class 'WallhavenSource.WallhavenSource'>: {'name': 'WallhavenSource', 'description': 'Configurable source for fetching images from Wallhaven.cc', 'author': 'Peter Levi', 'version': '0.1'}'
INFO: 2023-04-28 10:46:45,922: _walk_modules() 'Jumble loading module in MediaRSSSource from /usr/lib/python3.10/site-packages/variety/plugins/builtin/downloaders/MediaRSSSource.py'
INFO: 2023-04-28 10:46:45,923: load() 'Jumble found plugin class: <class 'MediaRSSSource.MediaRSSSource'>: {'name': 'MediaRSSSource', 'description': 'Configurable source for fetching images from MediaRSS feeds', 'author': 'Peter Levi', 'version': '0.1'}'
INFO: 2023-04-28 10:46:45,924: _walk_modules() 'Jumble loading module in MediaRSSDownloader from /usr/lib/python3.10/site-packages/variety/plugins/builtin/downloaders/MediaRSSDownloader.py'
INFO: 2023-04-28 10:46:45,924: _walk_modules() 'Jumble loading module in WallhavenDownloader from /usr/lib/python3.10/site-packages/variety/plugins/builtin/downloaders/WallhavenDownloader.py'
INFO: 2023-04-28 10:46:45,925: _walk_modules() 'Jumble loading module in RedditDownloader from /usr/lib/python3.10/site-packages/variety/plugins/builtin/downloaders/RedditDownloader.py'
INFO: 2023-04-28 10:46:45,926: _walk_modules() 'Jumble loading module in BingDownloader from /usr/lib/python3.10/site-packages/variety/plugins/builtin/downloaders/BingDownloader.py'
INFO: 2023-04-28 10:46:45,927: load() 'Jumble found plugin class: <class 'BingDownloader.BingDownloader'>: {'name': 'BingDownloader', 'description': 'Foto del día de Bing', 'author': 'Peter Levi', 'version': '0.1'}'
INFO: 2023-04-28 10:46:45,927: _walk_modules() 'Jumble loading module in WallhavenLegacyDownloader from /usr/lib/python3.10/site-packages/variety/plugins/builtin/downloaders/WallhavenLegacyDownloader.py'
INFO: 2023-04-28 10:46:45,928: _walk_modules() 'Jumble loading module in APODDownloader from /usr/lib/python3.10/site-packages/variety/plugins/builtin/downloaders/APODDownloader.py'
INFO: 2023-04-28 10:46:45,929: load() 'Jumble found plugin class: <class 'APODDownloader.APODDownloader'>: {'name': 'APODDownloader', 'description': 'NASA Astro Pic of the Day', 'author': 'Peter Levi', 'version': '0.1'}'
INFO: 2023-04-28 10:46:45,929: _walk_modules() 'Jumble loading module in RedditSource from /usr/lib/python3.10/site-packages/variety/plugins/builtin/downloaders/RedditSource.py'
INFO: 2023-04-28 10:46:45,930: load() 'Jumble found plugin class: <class 'RedditSource.RedditSource'>: {'name': 'RedditSource', 'description': 'Configurable source for fetching images from Reddit', 'author': 'Peter Levi', 'version': '0.1'}'
INFO: 2023-04-28 10:46:45,930: _walk_modules() 'Jumble loading module in __init__ from /usr/lib/python3.10/site-packages/variety/plugins/builtin/downloaders/__init__.py'
INFO: 2023-04-28 10:46:45,931: _walk_modules() 'Jumble loading module in UnsplashConfigurableSource from /usr/lib/python3.10/site-packages/variety/plugins/builtin/downloaders/UnsplashConfigurableSource.py'
INFO: 2023-04-28 10:46:45,932: load() 'Jumble found plugin class: <class 'UnsplashConfigurableSource.UnsplashConfigurableSource'>: {'name': 'UnsplashConfigurableSource', 'description': 'Configurable source for fetching photos from Unsplash.com', 'author': 'Peter Levi', 'version': '0.1'}'
INFO: 2023-04-28 10:46:46,122: log_options() 'Loaded options:'
INFO: 2023-04-28 10:46:46,123: log_options() 'change_enabled = False'
INFO: 2023-04-28 10:46:46,123: log_options() 'change_interval = 300'
INFO: 2023-04-28 10:46:46,123: log_options() 'change_on_start = False'
INFO: 2023-04-28 10:46:46,123: log_options() 'clipboard_enabled = False'
INFO: 2023-04-28 10:46:46,123: log_options() 'clipboard_hosts = ['wallhaven.cc', 'wallpapers.net', 'flickr.com', 'imgur.com', 'deviantart.com', 'interfacelift.com', 'vladstudio.com', 'imageshack.us', 'deviantart.net', 'imageshack.com']'
INFO: 2023-04-28 10:46:46,123: log_options() 'clipboard_use_whitelist = True'
INFO: 2023-04-28 10:46:46,123: log_options() 'clock_date_font = Serif 30'
INFO: 2023-04-28 10:46:46,123: log_options() 'clock_enabled = False'
INFO: 2023-04-28 10:46:46,123: log_options() 'clock_filter = -density 100 -font `fc-match -f '%{file[0]}' '%CLOCK_FONT_NAME'` -pointsize %CLOCK_FONT_SIZE -gravity SouthEast -fill '#00000044' -annotate 0x0+[%HOFFSET+58]+[%VOFFSET+108] '%H:%M' -fill white -annotate 0x0+[%HOFFSET+60]+[%VOFFSET+110] '%H:%M' -font `fc-match -f '%{file[0]}' '%DATE_FONT_NAME'` -pointsize %DATE_FONT_SIZE -fill '#00000044' -annotate 0x0+[%HOFFSET+58]+[%VOFFSET+58] '%A, %B %d' -fill white -annotate 0x0+[%HOFFSET+60]+[%VOFFSET+60] '%A, %B %d''
INFO: 2023-04-28 10:46:46,123: log_options() 'clock_font = Serif 70'
INFO: 2023-04-28 10:46:46,123: log_options() 'configfile = /home/gemer/.config/variety/variety.conf'
INFO: 2023-04-28 10:46:46,124: log_options() 'copyto_enabled = False'
INFO: 2023-04-28 10:46:46,124: log_options() 'copyto_folder = Default'
INFO: 2023-04-28 10:46:46,124: log_options() 'desired_color = [160, 160, 160]'
INFO: 2023-04-28 10:46:46,124: log_options() 'desired_color_enabled = False'
INFO: 2023-04-28 10:46:46,124: log_options() 'download_folder = /home/gemer/.config/variety/Downloaded'
INFO: 2023-04-28 10:46:46,124: log_options() 'download_preference_ratio = 0.9'
INFO: 2023-04-28 10:46:46,124: log_options() 'favorites_folder = /home/gemer/.config/variety/Favorites'
INFO: 2023-04-28 10:46:46,124: log_options() 'favorites_operations = [['Downloaded', 'Copy'], ['Fetched', 'Move'], ['Others', 'Copy']]'
INFO: 2023-04-28 10:46:46,124: log_options() 'fetched_folder = /home/gemer/.config/variety/Fetched'
INFO: 2023-04-28 10:46:46,124: log_options() 'filters = [[False, 'Keep original', ''], [False, 'Grayscale', '-type Grayscale'], [False, 'Heavy blur', '-scale 20% -blur 0x10 -resize 500%'], [False, 'Soft blur', '-scale 20% -blur 0x2 -resize 500%'], [False, 'Oil painting', '-paint 8'], [False, 'Pointilism', '-spread 10 -noise 3'], [False, 'Pixellate', '-scale 3% -scale 3333%']]'
INFO: 2023-04-28 10:46:46,124: log_options() 'get_wallpaper_script = /home/gemer/.config/variety/scripts/get_wallpaper_arco'
INFO: 2023-04-28 10:46:46,124: log_options() 'icon = Light'
INFO: 2023-04-28 10:46:46,124: log_options() 'internet_enabled = True'
INFO: 2023-04-28 10:46:46,125: log_options() 'lightness_enabled = False'
INFO: 2023-04-28 10:46:46,125: log_options() 'lightness_mode = 0'
INFO: 2023-04-28 10:46:46,125: log_options() 'min_rating = 4'
INFO: 2023-04-28 10:46:46,125: log_options() 'min_rating_enabled = False'
INFO: 2023-04-28 10:46:46,125: log_options() 'min_size = 80'
INFO: 2023-04-28 10:46:46,125: log_options() 'min_size_enabled = True'
INFO: 2023-04-28 10:46:46,125: log_options() 'quota_enabled = True'
INFO: 2023-04-28 10:46:46,125: log_options() 'quota_size = 1000'
INFO: 2023-04-28 10:46:46,125: log_options() 'quotes_authors = '
INFO: 2023-04-28 10:46:46,125: log_options() 'quotes_bg_color = [80, 80, 80]'
INFO: 2023-04-28 10:46:46,125: log_options() 'quotes_bg_opacity = 55'
INFO: 2023-04-28 10:46:46,125: log_options() 'quotes_change_enabled = False'
INFO: 2023-04-28 10:46:46,125: log_options() 'quotes_change_interval = 300'
INFO: 2023-04-28 10:46:46,125: log_options() 'quotes_disabled_sources = ['Urban Dictionary']'
INFO: 2023-04-28 10:46:46,126: log_options() 'quotes_enabled = False'
INFO: 2023-04-28 10:46:46,126: log_options() 'quotes_favorites_file = /home/gemer/.config/variety/favorite_quotes.txt'
INFO: 2023-04-28 10:46:46,126: log_options() 'quotes_font = Serif 30'
INFO: 2023-04-28 10:46:46,126: log_options() 'quotes_hpos = 100'
INFO: 2023-04-28 10:46:46,126: log_options() 'quotes_max_length = 250'
INFO: 2023-04-28 10:46:46,126: log_options() 'quotes_tags = '
INFO: 2023-04-28 10:46:46,126: log_options() 'quotes_text_color = [255, 255, 255]'
INFO: 2023-04-28 10:46:46,126: log_options() 'quotes_text_shadow = False'
INFO: 2023-04-28 10:46:46,126: log_options() 'quotes_vpos = 40'
INFO: 2023-04-28 10:46:46,126: log_options() 'quotes_width = 70'
INFO: 2023-04-28 10:46:46,126: log_options() 'safe_mode = False'
INFO: 2023-04-28 10:46:46,126: log_options() 'set_wallpaper_script = /home/gemer/.config/variety/scripts/set_wallpaper_arco'
INFO: 2023-04-28 10:46:46,126: log_options() 'slideshow_custom_enabled = False'
INFO: 2023-04-28 10:46:46,126: log_options() 'slideshow_custom_folder = /home/gemer/Imágenes'
INFO: 2023-04-28 10:46:46,126: log_options() 'slideshow_downloads_enabled = False'
INFO: 2023-04-28 10:46:46,127: log_options() 'slideshow_fade = 0.4'
INFO: 2023-04-28 10:46:46,127: log_options() 'slideshow_favorites_enabled = True'
INFO: 2023-04-28 10:46:46,127: log_options() 'slideshow_mode = Fullscreen'
INFO: 2023-04-28 10:46:46,127: log_options() 'slideshow_monitor = All'
INFO: 2023-04-28 10:46:46,127: log_options() 'slideshow_pan = 0.05'
INFO: 2023-04-28 10:46:46,127: log_options() 'slideshow_seconds = 6.0'
INFO: 2023-04-28 10:46:46,127: log_options() 'slideshow_sort_order = Random'
INFO: 2023-04-28 10:46:46,127: log_options() 'slideshow_sources_enabled = True'
INFO: 2023-04-28 10:46:46,127: log_options() 'slideshow_zoom = 0.2'
INFO: 2023-04-28 10:46:46,127: log_options() 'smart_enabled = False'
INFO: 2023-04-28 10:46:46,127: log_options() 'smart_notice_shown = False'
INFO: 2023-04-28 10:46:46,127: log_options() 'smart_register_shown = False'
INFO: 2023-04-28 10:46:46,127: log_options() 'sources = [[True, 'favorites', 'The Favorites folder'], [False, 'fetched', 'The Fetched folder'], [True, 'folder', '/usr/share/backgrounds'], [False, 'flickr', 'user:www.flickr.com/photos/peter-levi/;user_id:93647178@N00;'], [False, 'apod', "NASA's Astronomy Picture of the Day"], [False, 'bing', 'Bing Photo of the Day'], [False, 'earthview', 'Google Earth View Wallpapers'], [False, 'natgeo', "National Geographic's photo of the day"], [False, 'unsplash', 'High-resolution photos from Unsplash.com']]'
INFO: 2023-04-28 10:46:46,127: log_options() 'stats_enabled = True'
INFO: 2023-04-28 10:46:46,128: log_options() 'stats_notice_shown = False'
INFO: 2023-04-28 10:46:46,128: log_options() 'sync_enabled = True'
INFO: 2023-04-28 10:46:46,128: log_options() 'use_landscape_enabled = True'
INFO: 2023-04-28 10:46:46,128: log_options() 'wallhaven_api_key = '
INFO: 2023-04-28 10:46:46,128: log_options() 'wallpaper_auto_rotate = True'
INFO: 2023-04-28 10:46:46,128: log_options() 'wallpaper_display_mode = os'
INFO: 2023-04-28 10:46:46,128: reload_config() 'No need to clear prepared queue'
INFO: 2023-04-28 10:46:46,128: update_indicator() 'Setting file info to: /usr/share/backgrounds/archlinux-login-backgrounds/background30.jpg'
INFO: 2023-04-28 10:46:46,154: load_last_change_time() 'Change interval < 6 hours, ignore persisted last_change_time, wait initially the whole interval: 300'
INFO: 2023-04-28 10:46:46,154: update_indicator() 'Setting file info to: /usr/share/backgrounds/archlinux-login-backgrounds/background30.jpg'
INFO: 2023-04-28 10:46:46,156: regular_change_thread() 'regular_change thread running'
INFO: 2023-04-28 10:46:46,156: regular_change_thread() 'regular_change: waiting till user resumes'
INFO: 2023-04-28 10:46:46,157: prepare_thread() 'Prepare thread running'
INFO: 2023-04-28 10:46:46,157: prepare_thread() 'Prepared buffer contains 0 images'
INFO: 2023-04-28 10:46:46,158: prepare_thread() 'Preparing some images'
INFO: 2023-04-28 10:46:46,160: update_indicator_icon() 'Creating indicator'
WARNING: 2023-04-28 10:46:46,216: create_menu() 'Variety Slideshow is not installed. This is an optional extension adding pan-and-zoom slideshows to Variety: see https://github.com/peterlevi/variety-slideshow for details'
INFO: 2023-04-28 10:46:46,218: create_indicator() 'indicator backend: AppIndicator3'
INFO: 2023-04-28 10:46:46,237: set_from_theme_icon() 'Showing indicator icon variety-indicator from GTK theme'
INFO: 2023-04-28 10:46:46,244: do_set_wp() 'Calling do_set_wp with /usr/share/backgrounds/archlinux-login-backgrounds/background30.jpg, time: 1682700406.243998'
INFO: 2023-04-28 10:46:46,312: apply_auto_rotate() 'ImageMagick auto-rotate cmd: convert /usr/share/backgrounds/archlinux-login-backgrounds/background30.jpg -auto-orient /home/gemer/.config/variety/wallpaper/wallpaper-auto-rotated-91813c5c28e399ab7685fd92c2d0ea6b.jpg'
INFO: 2023-04-28 10:46:49,879: prepare_thread() 'After search prepared buffer contains 82 images'
INFO: 2023-04-28 10:46:50,811: reload() 'Reloading preferences dialog'
INFO: 2023-04-28 10:46:50,862: update_indicator() 'Setting file info to: /usr/share/backgrounds/archlinux-login-backgrounds/background30.jpg'
INFO: 2023-04-28 10:46:51,880: trigger_download() 'Triggering download thread to check if download needed and possible'
INFO: 2023-04-28 10:47:06,179: server_options_thread() 'Fetching server options from http://tiny.cc/variety-options-063'
INFO: 2023-04-28 10:47:06,879: server_options_thread() 'Fetched server options: {'flickr': {'min_fill_queue_interval': 1200, 'min_download_interval': 1200}, 'wallbase': {'min_fill_queue_interval': 1800, 'min_download_interval': 1800}, 'wallhaven': {'min_fill_queue_interval': 1800, 'min_download_interval': 1800}, 'wallpapers.net': {'min_fill_queue_interval': 601, 'min_download_interval': 0}, 'unsplash': {'min_fill_queue_interval': 20000000000, 'min_download_interval': 20000000000}, 'unsplash_v2': {'min_fill_queue_interval': 3600, 'min_download_interval': 1800}, 'status_message': {'0.0.1': '', '*': ''}}'
INFO: 2023-04-28 13:05:32,151: process_command() 'Received command: ['-n']'
INFO: 2023-04-28 13:05:32,154: do_set_wp() 'Calling do_set_wp with /usr/share/backgrounds/archlinux-login-backgrounds/background29.jpg, time: 1682708732.1545932'
INFO: 2023-04-28 13:05:32,175: apply_auto_rotate() 'ImageMagick auto-rotate cmd: convert /usr/share/backgrounds/archlinux-login-backgrounds/background29.jpg -auto-orient /home/gemer/.config/variety/wallpaper/wallpaper-auto-rotated-52d82955db56ffa5710a4c1e59c4b2ba.jpg'
INFO: 2023-04-28 13:05:32,743: update_indicator() 'Setting file info to: /usr/share/backgrounds/archlinux-login-backgrounds/background29.jpg'
INFO: 2023-04-28 13:06:28,632: process_command() 'Received command: ['-p']'
INFO: 2023-04-28 13:06:28,635: do_set_wp() 'Calling do_set_wp with /usr/share/backgrounds/archlinux-login-backgrounds/background30.jpg, time: 1682708788.635399'
INFO: 2023-04-28 13:06:28,635: apply_auto_rotate() 'ImageMagick auto-rotate cmd: convert /usr/share/backgrounds/archlinux-login-backgrounds/background30.jpg -auto-orient /home/gemer/.config/variety/wallpaper/wallpaper-auto-rotated-05a3f1a59f3dd4e0d9f19a80dfbc273e.jpg'
INFO: 2023-04-28 13:06:28,890: update_indicator() 'Setting file info to: /usr/share/backgrounds/archlinux-login-backgrounds/background30.jpg'
INFO: 2023-04-28 14:07:22,009: process_command() 'Received command: ['-n']'
INFO: 2023-04-28 14:07:22,012: do_set_wp() 'Calling do_set_wp with /usr/share/backgrounds/archlinux-login-backgrounds/background29.jpg, time: 1682712442.0127017'
INFO: 2023-04-28 14:07:22,012: apply_auto_rotate() 'ImageMagick auto-rotate cmd: convert /usr/share/backgrounds/archlinux-login-backgrounds/background29.jpg -auto-orient /home/gemer/.config/variety/wallpaper/wallpaper-auto-rotated-962b8cf66af1bcf9aab01d802bb33bbb.jpg'
INFO: 2023-04-28 14:07:22,381: update_indicator() 'Setting file info to: /usr/share/backgrounds/archlinux-login-backgrounds/background29.jpg'
INFO: 2023-04-28 15:31:36,214: process_command() 'Received command: ['-p']'
INFO: 2023-04-28 15:31:36,217: do_set_wp() 'Calling do_set_wp with /usr/share/backgrounds/archlinux-login-backgrounds/background30.jpg, time: 1682717496.2174392'
INFO: 2023-04-28 15:31:36,217: apply_auto_rotate() 'ImageMagick auto-rotate cmd: convert /usr/share/backgrounds/archlinux-login-backgrounds/background30.jpg -auto-orient /home/gemer/.config/variety/wallpaper/wallpaper-auto-rotated-635b4f448dc208a98a08a12021df1a1e.jpg'
INFO: 2023-04-28 15:31:36,459: update_indicator() 'Setting file info to: /usr/share/backgrounds/archlinux-login-backgrounds/background30.jpg'
INFO: 2023-04-28 15:31:47,882: process_command() 'Received command: ['-n']'
INFO: 2023-04-28 15:31:47,885: do_set_wp() 'Calling do_set_wp with /usr/share/backgrounds/archlinux-login-backgrounds/background29.jpg, time: 1682717507.8857913'
INFO: 2023-04-28 15:31:47,886: apply_auto_rotate() 'ImageMagick auto-rotate cmd: convert /usr/share/backgrounds/archlinux-login-backgrounds/background29.jpg -auto-orient /home/gemer/.config/variety/wallpaper/wallpaper-auto-rotated-2a20ac0e5f6a86ea808ded52dc403651.jpg'
INFO: 2023-04-28 15:31:48,273: update_indicator() 'Setting file info to: /usr/share/backgrounds/archlinux-login-backgrounds/background29.jpg'
INFO: 2023-04-28 15:32:14,693: process_command() 'Received command: ['-p']'
INFO: 2023-04-28 15:32:14,696: do_set_wp() 'Calling do_set_wp with /usr/share/backgrounds/archlinux-login-backgrounds/background30.jpg, time: 1682717534.6964953'
INFO: 2023-04-28 15:32:14,696: apply_auto_rotate() 'ImageMagick auto-rotate cmd: convert /usr/share/backgrounds/archlinux-login-backgrounds/background30.jpg -auto-orient /home/gemer/.config/variety/wallpaper/wallpaper-auto-rotated-21a63617b102065cd737166cf7a7c095.jpg'
INFO: 2023-04-28 15:32:14,939: update_indicator() 'Setting file info to: /usr/share/backgrounds/archlinux-login-backgrounds/background30.jpg'
